{"numFailedTestSuites":0,"numFailedTests":0,"numPassedTestSuites":1,"numPassedTests":2,"numPendingTestSuites":0,"numPendingTests":0,"numRuntimeErrorTestSuites":0,"numTodoTests":0,"numTotalTestSuites":1,"numTotalTests":2,"openHandles":[],"snapshot":{"added":0,"didUpdate":false,"failure":false,"filesAdded":0,"filesRemoved":0,"filesUnmatched":0,"filesUpdated":0,"matched":0,"total":0,"unchecked":0,"uncheckedKeysByFile":[],"unmatched":0,"updated":0},"startTime":1565600192673,"success":true,"testResults":[{"failureMessage":null,"numFailingTests":0,"numPassingTests":2,"numPendingTests":0,"numTodoTests":0,"perfStats":{"end":1565600196053,"start":1565600193751},"snapshot":{"added":0,"fileDeleted":false,"matched":0,"unchecked":0,"unmatched":0,"updated":0,"uncheckedKeys":[]},"testFilePath":"C:\\Elevation\\week-10\\mobx1-lesson-exercises-ex-bozzzSharoni\\.hg\\exercises\\ex-1.test.js","testResults":[{"ancestorTitles":["exercise1"],"duration":9,"failureMessages":[],"fullName":"exercise1 store should have an addItem function that adds a new Item to the stores list property","location":null,"numPassingAsserts":0,"status":"passed","title":"store should have an addItem function that adds a new Item to the stores list property"},{"ancestorTitles":["exercise1"],"duration":4,"failureMessages":[],"fullName":"exercise1 addItem function should be a MobX action","location":null,"numPassingAsserts":0,"status":"passed","title":"addItem function should be a MobX action"}],"skipped":false,"leaks":false}],"wasInterrupted":false}